/n/home03/vchandra/.local/lib/python3.8/site-packages/dynesty-1.1-py3.8.egg/dynesty/sampling.py:243: UserWarning: Random walk proposals appear to be extremely inefficient. Adjusting the scale-factor accordingly.
  warnings.warn("Random walk proposals appear to be "
/n/home03/vchandra/.local/lib/python3.8/site-packages/dynesty-1.1-py3.8.egg/dynesty/sampling.py:243: UserWarning: Random walk proposals appear to be extremely inefficient. Adjusting the scale-factor accordingly.
  warnings.warn("Random walk proposals appear to be "
/n/home03/vchandra/.local/lib/python3.8/site-packages/dynesty-1.1-py3.8.egg/dynesty/sampling.py:221: UserWarning: Random number generation appears to be extremely inefficient. Adjusting the scale-factor accordingly.
  warnings.warn("Random number generation appears to be "
/n/home03/vchandra/.local/lib/python3.8/site-packages/dynesty-1.1-py3.8.egg/dynesty/sampling.py:243: UserWarning: Random walk proposals appear to be extremely inefficient. Adjusting the scale-factor accordingly.
  warnings.warn("Random walk proposals appear to be "
/n/home03/vchandra/.local/lib/python3.8/site-packages/dynesty-1.1-py3.8.egg/dynesty/sampling.py:221: UserWarning: Random number generation appears to be extremely inefficient. Adjusting the scale-factor accordingly.
  warnings.warn("Random number generation appears to be "
/n/home03/vchandra/.local/lib/python3.8/site-packages/dynesty-1.1-py3.8.egg/dynesty/sampling.py:243: UserWarning: Random walk proposals appear to be extremely inefficient. Adjusting the scale-factor accordingly.
  warnings.warn("Random walk proposals appear to be "
/n/home03/vchandra/.local/lib/python3.8/site-packages/dynesty-1.1-py3.8.egg/dynesty/sampling.py:221: UserWarning: Random number generation appears to be extremely inefficient. Adjusting the scale-factor accordingly.
  warnings.warn("Random number generation appears to be "
/n/home03/vchandra/.local/lib/python3.8/site-packages/dynesty-1.1-py3.8.egg/dynesty/sampling.py:243: UserWarning: Random walk proposals appear to be extremely inefficient. Adjusting the scale-factor accordingly.
  warnings.warn("Random walk proposals appear to be "
/n/home03/vchandra/.local/lib/python3.8/site-packages/dynesty-1.1-py3.8.egg/dynesty/sampling.py:221: UserWarning: Random number generation appears to be extremely inefficient. Adjusting the scale-factor accordingly.
  warnings.warn("Random number generation appears to be "
/n/home03/vchandra/.local/lib/python3.8/site-packages/dynesty-1.1-py3.8.egg/dynesty/sampling.py:243: UserWarning: Random walk proposals appear to be extremely inefficient. Adjusting the scale-factor accordingly.
  warnings.warn("Random walk proposals appear to be "
/n/home03/vchandra/.local/lib/python3.8/site-packages/dynesty-1.1-py3.8.egg/dynesty/sampling.py:243: UserWarning: Random walk proposals appear to be extremely inefficient. Adjusting the scale-factor accordingly.
  warnings.warn("Random walk proposals appear to be "
/n/home03/vchandra/.local/lib/python3.8/site-packages/dynesty-1.1-py3.8.egg/dynesty/sampling.py:221: UserWarning: Random number generation appears to be extremely inefficient. Adjusting the scale-factor accordingly.
  warnings.warn("Random number generation appears to be "
/n/home03/vchandra/.local/lib/python3.8/site-packages/dynesty-1.1-py3.8.egg/dynesty/sampling.py:243: UserWarning: Random walk proposals appear to be extremely inefficient. Adjusting the scale-factor accordingly.
  warnings.warn("Random walk proposals appear to be "
/n/home03/vchandra/.local/lib/python3.8/site-packages/dynesty-1.1-py3.8.egg/dynesty/sampling.py:243: UserWarning: Random walk proposals appear to be extremely inefficient. Adjusting the scale-factor accordingly.
  warnings.warn("Random walk proposals appear to be "
/n/home03/vchandra/.local/lib/python3.8/site-packages/dynesty-1.1-py3.8.egg/dynesty/sampling.py:221: UserWarning: Random number generation appears to be extremely inefficient. Adjusting the scale-factor accordingly.
  warnings.warn("Random number generation appears to be "
/n/home03/vchandra/.local/lib/python3.8/site-packages/dynesty-1.1-py3.8.egg/dynesty/sampling.py:243: UserWarning: Random walk proposals appear to be extremely inefficient. Adjusting the scale-factor accordingly.
  warnings.warn("Random walk proposals appear to be "
/n/home03/vchandra/.local/lib/python3.8/site-packages/dynesty-1.1-py3.8.egg/dynesty/sampling.py:243: UserWarning: Random walk proposals appear to be extremely inefficient. Adjusting the scale-factor accordingly.
  warnings.warn("Random walk proposals appear to be "
/n/home03/vchandra/.local/lib/python3.8/site-packages/dynesty-1.1-py3.8.egg/dynesty/sampling.py:243: UserWarning: Random walk proposals appear to be extremely inefficient. Adjusting the scale-factor accordingly.
  warnings.warn("Random walk proposals appear to be "
/n/home03/vchandra/.local/lib/python3.8/site-packages/dynesty-1.1-py3.8.egg/dynesty/sampling.py:243: UserWarning: Random walk proposals appear to be extremely inefficient. Adjusting the scale-factor accordingly.
  warnings.warn("Random walk proposals appear to be "
/n/home03/vchandra/.local/lib/python3.8/site-packages/dynesty-1.1-py3.8.egg/dynesty/sampling.py:243: UserWarning: Random walk proposals appear to be extremely inefficient. Adjusting the scale-factor accordingly.
  warnings.warn("Random walk proposals appear to be "
/n/home03/vchandra/.local/lib/python3.8/site-packages/dynesty-1.1-py3.8.egg/dynesty/sampling.py:221: UserWarning: Random number generation appears to be extremely inefficient. Adjusting the scale-factor accordingly.
  warnings.warn("Random number generation appears to be "
/n/home03/vchandra/.local/lib/python3.8/site-packages/dynesty-1.1-py3.8.egg/dynesty/sampling.py:243: UserWarning: Random walk proposals appear to be extremely inefficient. Adjusting the scale-factor accordingly.
  warnings.warn("Random walk proposals appear to be "
/n/home03/vchandra/.local/lib/python3.8/site-packages/dynesty-1.1-py3.8.egg/dynesty/sampling.py:221: UserWarning: Random number generation appears to be extremely inefficient. Adjusting the scale-factor accordingly.
  warnings.warn("Random number generation appears to be "
/n/home03/vchandra/.local/lib/python3.8/site-packages/dynesty-1.1-py3.8.egg/dynesty/sampling.py:243: UserWarning: Random walk proposals appear to be extremely inefficient. Adjusting the scale-factor accordingly.
  warnings.warn("Random walk proposals appear to be "
/n/home03/vchandra/.local/lib/python3.8/site-packages/dynesty-1.1-py3.8.egg/dynesty/sampling.py:243: UserWarning: Random walk proposals appear to be extremely inefficient. Adjusting the scale-factor accordingly.
  warnings.warn("Random walk proposals appear to be "
/n/home03/vchandra/.local/lib/python3.8/site-packages/dynesty-1.1-py3.8.egg/dynesty/sampling.py:221: UserWarning: Random number generation appears to be extremely inefficient. Adjusting the scale-factor accordingly.
  warnings.warn("Random number generation appears to be "
/n/home03/vchandra/.local/lib/python3.8/site-packages/dynesty-1.1-py3.8.egg/dynesty/sampling.py:243: UserWarning: Random walk proposals appear to be extremely inefficient. Adjusting the scale-factor accordingly.
  warnings.warn("Random walk proposals appear to be "
/n/home03/vchandra/.local/lib/python3.8/site-packages/dynesty-1.1-py3.8.egg/dynesty/sampling.py:243: UserWarning: Random walk proposals appear to be extremely inefficient. Adjusting the scale-factor accordingly.
  warnings.warn("Random walk proposals appear to be "
/n/home03/vchandra/.local/lib/python3.8/site-packages/dynesty-1.1-py3.8.egg/dynesty/sampling.py:243: UserWarning: Random walk proposals appear to be extremely inefficient. Adjusting the scale-factor accordingly.
  warnings.warn("Random walk proposals appear to be "
/n/home03/vchandra/.local/lib/python3.8/site-packages/dynesty-1.1-py3.8.egg/dynesty/sampling.py:243: UserWarning: Random walk proposals appear to be extremely inefficient. Adjusting the scale-factor accordingly.
  warnings.warn("Random walk proposals appear to be "
/n/home03/vchandra/.local/lib/python3.8/site-packages/dynesty-1.1-py3.8.egg/dynesty/sampling.py:221: UserWarning: Random number generation appears to be extremely inefficient. Adjusting the scale-factor accordingly.
  warnings.warn("Random number generation appears to be "
/n/home03/vchandra/.local/lib/python3.8/site-packages/dynesty-1.1-py3.8.egg/dynesty/sampling.py:243: UserWarning: Random walk proposals appear to be extremely inefficient. Adjusting the scale-factor accordingly.
  warnings.warn("Random walk proposals appear to be "
/n/home03/vchandra/.local/lib/python3.8/site-packages/dynesty-1.1-py3.8.egg/dynesty/sampling.py:243: UserWarning: Random walk proposals appear to be extremely inefficient. Adjusting the scale-factor accordingly.
  warnings.warn("Random walk proposals appear to be "
/n/home03/vchandra/.local/lib/python3.8/site-packages/dynesty-1.1-py3.8.egg/dynesty/sampling.py:243: UserWarning: Random walk proposals appear to be extremely inefficient. Adjusting the scale-factor accordingly.
  warnings.warn("Random walk proposals appear to be "
/n/home03/vchandra/.local/lib/python3.8/site-packages/dynesty-1.1-py3.8.egg/dynesty/sampling.py:221: UserWarning: Random number generation appears to be extremely inefficient. Adjusting the scale-factor accordingly.
  warnings.warn("Random number generation appears to be "
/n/home03/vchandra/.local/lib/python3.8/site-packages/dynesty-1.1-py3.8.egg/dynesty/sampling.py:243: UserWarning: Random walk proposals appear to be extremely inefficient. Adjusting the scale-factor accordingly.
  warnings.warn("Random walk proposals appear to be "
/n/home03/vchandra/.local/lib/python3.8/site-packages/dynesty-1.1-py3.8.egg/dynesty/sampling.py:243: UserWarning: Random walk proposals appear to be extremely inefficient. Adjusting the scale-factor accordingly.
  warnings.warn("Random walk proposals appear to be "
/n/home03/vchandra/.local/lib/python3.8/site-packages/dynesty-1.1-py3.8.egg/dynesty/sampling.py:221: UserWarning: Random number generation appears to be extremely inefficient. Adjusting the scale-factor accordingly.
  warnings.warn("Random number generation appears to be "
/n/home03/vchandra/.local/lib/python3.8/site-packages/dynesty-1.1-py3.8.egg/dynesty/sampling.py:243: UserWarning: Random walk proposals appear to be extremely inefficient. Adjusting the scale-factor accordingly.
  warnings.warn("Random walk proposals appear to be "
/n/home03/vchandra/.local/lib/python3.8/site-packages/dynesty-1.1-py3.8.egg/dynesty/sampling.py:221: UserWarning: Random number generation appears to be extremely inefficient. Adjusting the scale-factor accordingly.
  warnings.warn("Random number generation appears to be "
/n/home03/vchandra/.local/lib/python3.8/site-packages/dynesty-1.1-py3.8.egg/dynesty/sampling.py:243: UserWarning: Random walk proposals appear to be extremely inefficient. Adjusting the scale-factor accordingly.
  warnings.warn("Random walk proposals appear to be "
/n/home03/vchandra/.local/lib/python3.8/site-packages/dynesty-1.1-py3.8.egg/dynesty/sampling.py:243: UserWarning: Random walk proposals appear to be extremely inefficient. Adjusting the scale-factor accordingly.
  warnings.warn("Random walk proposals appear to be "
/n/home03/vchandra/.local/lib/python3.8/site-packages/dynesty-1.1-py3.8.egg/dynesty/sampling.py:243: UserWarning: Random walk proposals appear to be extremely inefficient. Adjusting the scale-factor accordingly.
  warnings.warn("Random walk proposals appear to be "
/n/home03/vchandra/.local/lib/python3.8/site-packages/dynesty-1.1-py3.8.egg/dynesty/sampling.py:243: UserWarning: Random walk proposals appear to be extremely inefficient. Adjusting the scale-factor accordingly.
  warnings.warn("Random walk proposals appear to be "
/n/home03/vchandra/.local/lib/python3.8/site-packages/dynesty-1.1-py3.8.egg/dynesty/sampling.py:221: UserWarning: Random number generation appears to be extremely inefficient. Adjusting the scale-factor accordingly.
  warnings.warn("Random number generation appears to be "
/n/home03/vchandra/.local/lib/python3.8/site-packages/dynesty-1.1-py3.8.egg/dynesty/sampling.py:243: UserWarning: Random walk proposals appear to be extremely inefficient. Adjusting the scale-factor accordingly.
  warnings.warn("Random walk proposals appear to be "
/n/home03/vchandra/.local/lib/python3.8/site-packages/dynesty-1.1-py3.8.egg/dynesty/sampling.py:243: UserWarning: Random walk proposals appear to be extremely inefficient. Adjusting the scale-factor accordingly.
  warnings.warn("Random walk proposals appear to be "
/n/home03/vchandra/.local/lib/python3.8/site-packages/dynesty-1.1-py3.8.egg/dynesty/sampling.py:221: UserWarning: Random number generation appears to be extremely inefficient. Adjusting the scale-factor accordingly.
  warnings.warn("Random number generation appears to be "
/n/home03/vchandra/.local/lib/python3.8/site-packages/dynesty-1.1-py3.8.egg/dynesty/sampling.py:243: UserWarning: Random walk proposals appear to be extremely inefficient. Adjusting the scale-factor accordingly.
  warnings.warn("Random walk proposals appear to be "
/n/home03/vchandra/.local/lib/python3.8/site-packages/dynesty-1.1-py3.8.egg/dynesty/sampling.py:243: UserWarning: Random walk proposals appear to be extremely inefficient. Adjusting the scale-factor accordingly.
  warnings.warn("Random walk proposals appear to be "
/n/home03/vchandra/.local/lib/python3.8/site-packages/dynesty-1.1-py3.8.egg/dynesty/sampling.py:221: UserWarning: Random number generation appears to be extremely inefficient. Adjusting the scale-factor accordingly.
  warnings.warn("Random number generation appears to be "
/n/home03/vchandra/.local/lib/python3.8/site-packages/dynesty-1.1-py3.8.egg/dynesty/sampling.py:243: UserWarning: Random walk proposals appear to be extremely inefficient. Adjusting the scale-factor accordingly.
  warnings.warn("Random walk proposals appear to be "
/n/home03/vchandra/.local/lib/python3.8/site-packages/dynesty-1.1-py3.8.egg/dynesty/sampling.py:243: UserWarning: Random walk proposals appear to be extremely inefficient. Adjusting the scale-factor accordingly.
  warnings.warn("Random walk proposals appear to be "
/n/home03/vchandra/.local/lib/python3.8/site-packages/dynesty-1.1-py3.8.egg/dynesty/sampling.py:221: UserWarning: Random number generation appears to be extremely inefficient. Adjusting the scale-factor accordingly.
  warnings.warn("Random number generation appears to be "
/n/home03/vchandra/.local/lib/python3.8/site-packages/dynesty-1.1-py3.8.egg/dynesty/sampling.py:243: UserWarning: Random walk proposals appear to be extremely inefficient. Adjusting the scale-factor accordingly.
  warnings.warn("Random walk proposals appear to be "
/n/home03/vchandra/.local/lib/python3.8/site-packages/dynesty-1.1-py3.8.egg/dynesty/sampling.py:243: UserWarning: Random walk proposals appear to be extremely inefficient. Adjusting the scale-factor accordingly.
  warnings.warn("Random walk proposals appear to be "
/n/home03/vchandra/.local/lib/python3.8/site-packages/dynesty-1.1-py3.8.egg/dynesty/sampling.py:243: UserWarning: Random walk proposals appear to be extremely inefficient. Adjusting the scale-factor accordingly.
  warnings.warn("Random walk proposals appear to be "
/n/home03/vchandra/.local/lib/python3.8/site-packages/dynesty-1.1-py3.8.egg/dynesty/sampling.py:243: UserWarning: Random walk proposals appear to be extremely inefficient. Adjusting the scale-factor accordingly.
  warnings.warn("Random walk proposals appear to be "
/n/home03/vchandra/.local/lib/python3.8/site-packages/dynesty-1.1-py3.8.egg/dynesty/sampling.py:221: UserWarning: Random number generation appears to be extremely inefficient. Adjusting the scale-factor accordingly.
  warnings.warn("Random number generation appears to be "
/n/home03/vchandra/.local/lib/python3.8/site-packages/dynesty-1.1-py3.8.egg/dynesty/sampling.py:243: UserWarning: Random walk proposals appear to be extremely inefficient. Adjusting the scale-factor accordingly.
  warnings.warn("Random walk proposals appear to be "
/n/home03/vchandra/.local/lib/python3.8/site-packages/dynesty-1.1-py3.8.egg/dynesty/sampling.py:243: UserWarning: Random walk proposals appear to be extremely inefficient. Adjusting the scale-factor accordingly.
  warnings.warn("Random walk proposals appear to be "
/n/home03/vchandra/.local/lib/python3.8/site-packages/dynesty-1.1-py3.8.egg/dynesty/sampling.py:243: UserWarning: Random walk proposals appear to be extremely inefficient. Adjusting the scale-factor accordingly.
  warnings.warn("Random walk proposals appear to be "
/n/home03/vchandra/.local/lib/python3.8/site-packages/dynesty-1.1-py3.8.egg/dynesty/sampling.py:221: UserWarning: Random number generation appears to be extremely inefficient. Adjusting the scale-factor accordingly.
  warnings.warn("Random number generation appears to be "
/n/home03/vchandra/.local/lib/python3.8/site-packages/dynesty-1.1-py3.8.egg/dynesty/sampling.py:243: UserWarning: Random walk proposals appear to be extremely inefficient. Adjusting the scale-factor accordingly.
  warnings.warn("Random walk proposals appear to be "
/n/home03/vchandra/.local/lib/python3.8/site-packages/dynesty-1.1-py3.8.egg/dynesty/sampling.py:221: UserWarning: Random number generation appears to be extremely inefficient. Adjusting the scale-factor accordingly.
  warnings.warn("Random number generation appears to be "
/n/home03/vchandra/.local/lib/python3.8/site-packages/dynesty-1.1-py3.8.egg/dynesty/sampling.py:243: UserWarning: Random walk proposals appear to be extremely inefficient. Adjusting the scale-factor accordingly.
  warnings.warn("Random walk proposals appear to be "
/n/home03/vchandra/.local/lib/python3.8/site-packages/dynesty-1.1-py3.8.egg/dynesty/sampling.py:243: UserWarning: Random walk proposals appear to be extremely inefficient. Adjusting the scale-factor accordingly.
  warnings.warn("Random walk proposals appear to be "
/n/home03/vchandra/.local/lib/python3.8/site-packages/dynesty-1.1-py3.8.egg/dynesty/sampling.py:243: UserWarning: Random walk proposals appear to be extremely inefficient. Adjusting the scale-factor accordingly.
  warnings.warn("Random walk proposals appear to be "
/n/home03/vchandra/.local/lib/python3.8/site-packages/dynesty-1.1-py3.8.egg/dynesty/sampling.py:221: UserWarning: Random number generation appears to be extremely inefficient. Adjusting the scale-factor accordingly.
  warnings.warn("Random number generation appears to be "
/n/home03/vchandra/.local/lib/python3.8/site-packages/dynesty-1.1-py3.8.egg/dynesty/sampling.py:243: UserWarning: Random walk proposals appear to be extremely inefficient. Adjusting the scale-factor accordingly.
  warnings.warn("Random walk proposals appear to be "
/n/home03/vchandra/.local/lib/python3.8/site-packages/dynesty-1.1-py3.8.egg/dynesty/sampling.py:221: UserWarning: Random number generation appears to be extremely inefficient. Adjusting the scale-factor accordingly.
  warnings.warn("Random number generation appears to be "
/n/home03/vchandra/.local/lib/python3.8/site-packages/dynesty-1.1-py3.8.egg/dynesty/sampling.py:243: UserWarning: Random walk proposals appear to be extremely inefficient. Adjusting the scale-factor accordingly.
  warnings.warn("Random walk proposals appear to be "
/n/home03/vchandra/.local/lib/python3.8/site-packages/dynesty-1.1-py3.8.egg/dynesty/sampling.py:221: UserWarning: Random number generation appears to be extremely inefficient. Adjusting the scale-factor accordingly.
  warnings.warn("Random number generation appears to be "
/n/home03/vchandra/.local/lib/python3.8/site-packages/dynesty-1.1-py3.8.egg/dynesty/sampling.py:243: UserWarning: Random walk proposals appear to be extremely inefficient. Adjusting the scale-factor accordingly.
  warnings.warn("Random walk proposals appear to be "
/n/home03/vchandra/.local/lib/python3.8/site-packages/dynesty-1.1-py3.8.egg/dynesty/sampling.py:243: UserWarning: Random walk proposals appear to be extremely inefficient. Adjusting the scale-factor accordingly.
  warnings.warn("Random walk proposals appear to be "
/n/home03/vchandra/.local/lib/python3.8/site-packages/dynesty-1.1-py3.8.egg/dynesty/sampling.py:221: UserWarning: Random number generation appears to be extremely inefficient. Adjusting the scale-factor accordingly.
  warnings.warn("Random number generation appears to be "
/n/home03/vchandra/.local/lib/python3.8/site-packages/dynesty-1.1-py3.8.egg/dynesty/sampling.py:243: UserWarning: Random walk proposals appear to be extremely inefficient. Adjusting the scale-factor accordingly.
  warnings.warn("Random walk proposals appear to be "
/n/home03/vchandra/.local/lib/python3.8/site-packages/dynesty-1.1-py3.8.egg/dynesty/sampling.py:221: UserWarning: Random number generation appears to be extremely inefficient. Adjusting the scale-factor accordingly.
  warnings.warn("Random number generation appears to be "
/n/home03/vchandra/.local/lib/python3.8/site-packages/dynesty-1.1-py3.8.egg/dynesty/sampling.py:243: UserWarning: Random walk proposals appear to be extremely inefficient. Adjusting the scale-factor accordingly.
  warnings.warn("Random walk proposals appear to be "
/n/home03/vchandra/.local/lib/python3.8/site-packages/dynesty-1.1-py3.8.egg/dynesty/sampling.py:221: UserWarning: Random number generation appears to be extremely inefficient. Adjusting the scale-factor accordingly.
  warnings.warn("Random number generation appears to be "
/n/home03/vchandra/.local/lib/python3.8/site-packages/dynesty-1.1-py3.8.egg/dynesty/sampling.py:243: UserWarning: Random walk proposals appear to be extremely inefficient. Adjusting the scale-factor accordingly.
  warnings.warn("Random walk proposals appear to be "
/n/home03/vchandra/.local/lib/python3.8/site-packages/dynesty-1.1-py3.8.egg/dynesty/sampling.py:221: UserWarning: Random number generation appears to be extremely inefficient. Adjusting the scale-factor accordingly.
  warnings.warn("Random number generation appears to be "
/n/home03/vchandra/.local/lib/python3.8/site-packages/dynesty-1.1-py3.8.egg/dynesty/sampling.py:243: UserWarning: Random walk proposals appear to be extremely inefficient. Adjusting the scale-factor accordingly.
  warnings.warn("Random walk proposals appear to be "
/n/home03/vchandra/.local/lib/python3.8/site-packages/dynesty-1.1-py3.8.egg/dynesty/sampling.py:243: UserWarning: Random walk proposals appear to be extremely inefficient. Adjusting the scale-factor accordingly.
  warnings.warn("Random walk proposals appear to be "
/n/home03/vchandra/.local/lib/python3.8/site-packages/dynesty-1.1-py3.8.egg/dynesty/sampling.py:243: UserWarning: Random walk proposals appear to be extremely inefficient. Adjusting the scale-factor accordingly.
  warnings.warn("Random walk proposals appear to be "
/n/home03/vchandra/.local/lib/python3.8/site-packages/dynesty-1.1-py3.8.egg/dynesty/sampling.py:243: UserWarning: Random walk proposals appear to be extremely inefficient. Adjusting the scale-factor accordingly.
  warnings.warn("Random walk proposals appear to be "
/n/home03/vchandra/.local/lib/python3.8/site-packages/dynesty-1.1-py3.8.egg/dynesty/sampling.py:243: UserWarning: Random walk proposals appear to be extremely inefficient. Adjusting the scale-factor accordingly.
  warnings.warn("Random walk proposals appear to be "
/n/home03/vchandra/.local/lib/python3.8/site-packages/dynesty-1.1-py3.8.egg/dynesty/sampling.py:243: UserWarning: Random walk proposals appear to be extremely inefficient. Adjusting the scale-factor accordingly.
  warnings.warn("Random walk proposals appear to be "
/n/home03/vchandra/.local/lib/python3.8/site-packages/dynesty-1.1-py3.8.egg/dynesty/sampling.py:243: UserWarning: Random walk proposals appear to be extremely inefficient. Adjusting the scale-factor accordingly.
  warnings.warn("Random walk proposals appear to be "
/n/home03/vchandra/.local/lib/python3.8/site-packages/dynesty-1.1-py3.8.egg/dynesty/sampling.py:243: UserWarning: Random walk proposals appear to be extremely inefficient. Adjusting the scale-factor accordingly.
  warnings.warn("Random walk proposals appear to be "
/n/home03/vchandra/.local/lib/python3.8/site-packages/dynesty-1.1-py3.8.egg/dynesty/sampling.py:243: UserWarning: Random walk proposals appear to be extremely inefficient. Adjusting the scale-factor accordingly.
  warnings.warn("Random walk proposals appear to be "
/n/home03/vchandra/.local/lib/python3.8/site-packages/dynesty-1.1-py3.8.egg/dynesty/sampling.py:243: UserWarning: Random walk proposals appear to be extremely inefficient. Adjusting the scale-factor accordingly.
  warnings.warn("Random walk proposals appear to be "
/n/home03/vchandra/.local/lib/python3.8/site-packages/dynesty-1.1-py3.8.egg/dynesty/sampling.py:243: UserWarning: Random walk proposals appear to be extremely inefficient. Adjusting the scale-factor accordingly.
  warnings.warn("Random walk proposals appear to be "
/n/home03/vchandra/.local/lib/python3.8/site-packages/dynesty-1.1-py3.8.egg/dynesty/sampling.py:221: UserWarning: Random number generation appears to be extremely inefficient. Adjusting the scale-factor accordingly.
  warnings.warn("Random number generation appears to be "
/n/home03/vchandra/.local/lib/python3.8/site-packages/dynesty-1.1-py3.8.egg/dynesty/sampling.py:243: UserWarning: Random walk proposals appear to be extremely inefficient. Adjusting the scale-factor accordingly.
  warnings.warn("Random walk proposals appear to be "
/n/home03/vchandra/.local/lib/python3.8/site-packages/dynesty-1.1-py3.8.egg/dynesty/sampling.py:243: UserWarning: Random walk proposals appear to be extremely inefficient. Adjusting the scale-factor accordingly.
  warnings.warn("Random walk proposals appear to be "
/n/home03/vchandra/.local/lib/python3.8/site-packages/dynesty-1.1-py3.8.egg/dynesty/sampling.py:243: UserWarning: Random walk proposals appear to be extremely inefficient. Adjusting the scale-factor accordingly.
  warnings.warn("Random walk proposals appear to be "
/n/home03/vchandra/.local/lib/python3.8/site-packages/dynesty-1.1-py3.8.egg/dynesty/sampling.py:221: UserWarning: Random number generation appears to be extremely inefficient. Adjusting the scale-factor accordingly.
  warnings.warn("Random number generation appears to be "
/n/home03/vchandra/.local/lib/python3.8/site-packages/dynesty-1.1-py3.8.egg/dynesty/sampling.py:243: UserWarning: Random walk proposals appear to be extremely inefficient. Adjusting the scale-factor accordingly.
  warnings.warn("Random walk proposals appear to be "
slurmstepd: error: *** JOB 27034092 ON holy7c16406 CANCELLED AT 2022-09-20T16:16:23 DUE TO TIME LIMIT ***
